Determining if the Q_WS_X11 exist failed with the following output:
Change Dir: /Users/arkygeek/QtProjects/macsur-adapter/src/MacsurAdapter/buildXcode/CMakeFiles/CMakeTmp

Run Build Command:/Applications/CMake\ 2.8-10.app/Contents/bin/cmakexbuild -project CMAKE_TRY_COMPILE.xcodeproj build -target cmTryCompileExec709476762 -configuration Debug
=== BUILD NATIVE TARGET cmTryCompileExec709476762 OF PROJECT CMAKE_TRY_COMPILE WITH CONFIGURATION Debug ===
Check dependencies

CompileC CMAKE_TRY_COMPILE.build/Debug/cmTryCompileExec709476762.build/Objects-normal/x86_64/CheckSymbolExists.o CheckSymbolExists.cxx normal x86_64 c++ com.apple.compilers.llvm.clang.1_0.compiler
    cd /Users/arkygeek/QtProjects/macsur-adapter/src/MacsurAdapter/buildXcode/CMakeFiles/CMakeTmp
    /Applications/Xcode.app/Contents/Developer/Toolchains/XcodeDefault.xctoolchain/usr/bin/clang -x c++ -arch x86_64 -fmessage-length=0 -Wno-trigraphs -fpascal-strings -O0 -Wno-missing-field-initializers -Wno-missing-prototypes -Wno-return-type -Wno-non-virtual-dtor -Wno-overloaded-virtual -Wno-exit-time-destructors -Wformat -Wno-missing-braces -Wparentheses -Wswitch -Wno-unused-function -Wno-unused-label -Wno-unused-parameter -Wno-unused-variable -Wunused-value -Wno-empty-body -Wno-uninitialized -Wno-unknown-pragmas -Wno-shadow -Wno-four-char-constants -Wno-conversion -Wno-constant-conversion ** BUILD FAILED **


The following build commands failed:
	CompileC CMAKE_TRY_COMPILE.build/Debug/cmTryCompileExec709476762.build/Objects-normal/x86_64/CheckSymbolExists.o CheckSymbolExists.cxx normal x86_64 c++ com.apple.compilers.llvm.clang.1_0.compiler
(1 failure)
-Wno-int-conversion -Wno-enum-conversion -Wno-shorten-64-to-32 -Wno-newline-eof -Wno-c++11-extensions "-DCMAKE_INTDIR=\"Debug\"" -isysroot /Applications/Xcode.app/Contents/Developer/Platforms/MacOSX.platform/Developer/SDKs/MacOSX10.8.sdk -fasm-blocks -fstrict-aliasing -Wdeprecated-declarations -Winvalid-offsetof -mmacosx-version-min=10.8 -Wno-sign-conversion -I/Users/arkygeek/QtProjects/macsur-adapter/src/MacsurAdapter/buildXcode/CMakeFiles/CMakeTmp/Debug/include -I/Applications/Xcode.app/Contents/Developer/Toolchains/XcodeDefault.xctoolchain/usr/include -I/Applications/Xcode.app/Contents/Developer/Toolchains/XcodeDefault.xctoolchain/usr/include -I/Applications/Xcode.app/Contents/Developer/Toolchains/XcodeDefault.xctoolchain/usr/include -I/Users/arkygeek/QtProjects/macsur-adapter/src/MacsurAdapter/buildXcode/CMakeFiles/CMakeTmp/CMAKE_TRY_COMPILE.build/Debug/cmTryCompileExec709476762.build/DerivedSources/x86_64 -I/Users/arkygeek/QtProjects/macsur-adapter/src/MacsurAdapter/buildXcode/CMakeFiles/CMakeTmp/CMAKE_TRY_COMPILE.build/Debug/cmTryCompileExec709476762.build/DerivedSources -Wmost -Wno-four-char-constants -Wno-unknown-pragmas -F/Users/arkygeek/QtProjects/macsur-adapter/src/MacsurAdapter/buildXcode/CMakeFiles/CMakeTmp/Debug -F/Library/Frameworks -g -MMD -MT dependencies -MF /Users/arkygeek/QtProjects/macsur-adapter/src/MacsurAdapter/buildXcode/CMakeFiles/CMakeTmp/CMAKE_TRY_COMPILE.build/Debug/cmTryCompileExec709476762.build/Objects-normal/x86_64/CheckSymbolExists.d --serialize-diagnostics /Users/arkygeek/QtProjects/macsur-adapter/src/MacsurAdapter/buildXcode/CMakeFiles/CMakeTmp/CMAKE_TRY_COMPILE.build/Debug/cmTryCompileExec709476762.build/Objects-normal/x86_64/CheckSymbolExists.dia -c /Users/arkygeek/QtProjects/macsur-adapter/src/MacsurAdapter/buildXcode/CMakeFiles/CMakeTmp/CheckSymbolExists.cxx -o /Users/arkygeek/QtProjects/macsur-adapter/src/MacsurAdapter/buildXcode/CMakeFiles/CMakeTmp/CMAKE_TRY_COMPILE.build/Debug/cmTryCompileExec709476762.build/Objects-normal/x86_64/CheckSymbolExists.o
/Users/arkygeek/QtProjects/macsur-adapter/src/MacsurAdapter/buildXcode/CMakeFiles/CMakeTmp/CheckSymbolExists.cxx:8:19: error: use of undeclared identifier 'Q_WS_X11'
  return ((int*)(&Q_WS_X11))[argc];
                  ^
1 error generated.



File /Users/arkygeek/QtProjects/macsur-adapter/src/MacsurAdapter/buildXcode/CMakeFiles/CMakeTmp/CheckSymbolExists.cxx:
/* */
#include <QtCore/qglobal.h>

int main(int argc, char** argv)
{
  (void)argv;
#ifndef Q_WS_X11
  return ((int*)(&Q_WS_X11))[argc];
#else
  (void)argc;
  return 0;
#endif
}

Determining if the Q_WS_WIN exist failed with the following output:
Change Dir: /Users/arkygeek/QtProjects/macsur-adapter/src/MacsurAdapter/buildXcode/CMakeFiles/CMakeTmp

Run Build Command:/Applications/CMake\ 2.8-10.app/Contents/bin/cmakexbuild -project CMAKE_TRY_COMPILE.xcodeproj build -target cmTryCompileExec3636491793 -configuration Debug
=== BUILD NATIVE TARGET cmTryCompileExec3636491793 OF PROJECT CMAKE_TRY_COMPILE WITH CONFIGURATION Debug ===
Check dependencies

CompileC CMAKE_TRY_COMPILE.build/Debug/cmTryCompileExec3636491793.build/Objects-normal/x86_64/CheckSymbolExists.o CheckSymbolExists.cxx normal x86_64 c++ com.apple.compilers.llvm.clang.1_0.compiler
    cd /Users/arkygeek/QtProjects/macsur-adapter/src/MacsurAdapter/buildXcode/CMakeFiles/CMakeTmp
    /Applications/Xcode.app/Contents/Developer/Toolchains/XcodeDefault.xctoolchain/usr/bin/clang -x c++ -arch x86_64 -fmessage-length=0 -Wno-trigraphs -fpascal-strings -O0 -Wno-missing-field-initializers -Wno-missing-prototypes -Wno-return-type -Wno-non-virtual-dtor -Wno-overloaded-virtual -Wno-exit-time-destructors -Wformat -Wno-missing-braces -Wparentheses -Wswitch -Wno-unused-function -Wno-unused-label -Wno-unused-parameter -Wno-unused-variable -Wunused-value -Wno-empty-body -Wno-uninitialized -Wno-unknown-pragmas -Wno-shadow -Wno-four-char-constants -Wno-conversion -Wno-constant-conversio** BUILD FAILED **


The following build commands failed:
n -Wno-int-conversion -Wno-enum-conversion -Wno-shorten-64-to-32 -Wno-newline-eof -Wno-c++11-extensions "-DCMAKE_INTDIR=\"Debug\"" -isysroot /Applications/Xcode.app/Contents/Developer/Platforms/MacOSX.platform/Developer/SDKs/MacOSX10.8.sdk -fasm-blocks -fstrict-aliasing -Wdeprecated-declarations -Winvalid-offsetof -mmacosx-version-min=10.8 -Wno-sign-conversion -I/Users/arkygeek/QtProjects/macsur-adapter/src/MacsurAdapter/buildXcode/CMakeFiles/CMakeTmp/Debug/include -I/Applications/Xcode.app/Contents/Developer/Toolchains/XcodeDefault.xctoolchain/usr/include -I/Applications/Xcode.app/Contents/Developer/Toolchains/XcodeDefault.xctoolchain/usr/include -I/Applications/Xcode.app/Contents/Developer/Toolchains/XcodeDefault.xctoolchain/usr/include -I/Users/arkygeek/QtProjects/macsur-adapter/src/MacsurAdapter/buildXcode/CMakeFiles/CMakeTmp/CMAKE_TRY_COMPILE.build/Debug/cmTryCompileExec3636491793.build/DerivedSources/x86_64 -I/Users/arkygeek/QtProjects/macsur-adapter/src/MacsurAdapter/buildXcode/CMakeFiles/CMakeTmp/CMAK	CompileC CMAKE_TRY_COMPILE.build/Debug/cmTryCompileExec3636491793.build/Objects-normal/x86_64/CheckSymbolExists.o CheckSymbolExists.cxx normal x86_64 c++ com.apple.compilers.llvm.clang.1_0.compiler
(1 failure)
E_TRY_COMPILE.build/Debug/cmTryCompileExec3636491793.build/DerivedSources -Wmost -Wno-four-char-constants -Wno-unknown-pragmas -F/Users/arkygeek/QtProjects/macsur-adapter/src/MacsurAdapter/buildXcode/CMakeFiles/CMakeTmp/Debug -F/Library/Frameworks -g -MMD -MT dependencies -MF /Users/arkygeek/QtProjects/macsur-adapter/src/MacsurAdapter/buildXcode/CMakeFiles/CMakeTmp/CMAKE_TRY_COMPILE.build/Debug/cmTryCompileExec3636491793.build/Objects-normal/x86_64/CheckSymbolExists.d --serialize-diagnostics /Users/arkygeek/QtProjects/macsur-adapter/src/MacsurAdapter/buildXcode/CMakeFiles/CMakeTmp/CMAKE_TRY_COMPILE.build/Debug/cmTryCompileExec3636491793.build/Objects-normal/x86_64/CheckSymbolExists.dia -c /Users/arkygeek/QtProjects/macsur-adapter/src/MacsurAdapter/buildXcode/CMakeFiles/CMakeTmp/CheckSymbolExists.cxx -o /Users/arkygeek/QtProjects/macsur-adapter/src/MacsurAdapter/buildXcode/CMakeFiles/CMakeTmp/CMAKE_TRY_COMPILE.build/Debug/cmTryCompileExec3636491793.build/Objects-normal/x86_64/CheckSymbolExists.o
/Users/arkygeek/QtProjects/macsur-adapter/src/MacsurAdapter/buildXcode/CMakeFiles/CMakeTmp/CheckSymbolExists.cxx:8:19: error: use of undeclared identifier 'Q_WS_WIN'
  return ((int*)(&Q_WS_WIN))[argc];
                  ^
1 error generated.



File /Users/arkygeek/QtProjects/macsur-adapter/src/MacsurAdapter/buildXcode/CMakeFiles/CMakeTmp/CheckSymbolExists.cxx:
/* */
#include <QtCore/qglobal.h>

int main(int argc, char** argv)
{
  (void)argv;
#ifndef Q_WS_WIN
  return ((int*)(&Q_WS_WIN))[argc];
#else
  (void)argc;
  return 0;
#endif
}

Determining if the Q_WS_QWS exist failed with the following output:
Change Dir: /Users/arkygeek/QtProjects/macsur-adapter/src/MacsurAdapter/buildXcode/CMakeFiles/CMakeTmp

Run Build Command:/Applications/CMake\ 2.8-10.app/Contents/bin/cmakexbuild -project CMAKE_TRY_COMPILE.xcodeproj build -target cmTryCompileExec873522018 -configuration Debug
=== BUILD NATIVE TARGET cmTryCompileExec873522018 OF PROJECT CMAKE_TRY_COMPILE WITH CONFIGURATION Debug ===
Check dependencies

CompileC CMAKE_TRY_COMPILE.build/Debug/cmTryCompileExec873522018.build/Objects-normal/x86_64/CheckSymbolExists.o CheckSymbolExists.cxx normal x86_64 c++ com.apple.compilers.llvm.clang.1_0.compiler
    cd /Users/arkygeek/QtProjects/macsur-adapter/src/MacsurAdapter/buildXcode/CMakeFiles/CMakeTmp
    /Applications/Xcode.app/Contents/Developer/Toolchains/XcodeDefault.xctoolchain/usr/bin/clang -x c++ -arch x86_64 -fmessage-length=0 -Wno-trigraphs -fpascal-strings -O0 -Wno-missing-field-initializers -Wno-missing-prototypes -Wno-return-type -Wno-non-virtual-dtor -Wno-overloaded-virtual -Wno-exit-time-destructors -Wformat -Wno-missing-braces -Wparentheses -Wswitch -Wno-unused-function -Wno-unused-label -Wno-unused-parameter -Wno-unused-variable -Wunused-value -Wno-empty-body -Wno-uninitialized -Wno-unknown-pragmas -Wno-shadow -Wno-four-char-constants -Wno-conversion -Wno-constant-conversion ** BUILD FAILED **


The following build commands failed:
	CompileC CMAKE_TRY_COMPILE.build/Debug/cmTryCompileExec873522018.build/Objects-normal/x86_64/CheckSymbolExists.o CheckSymbolExists.cxx normal x86_64 c++ com.apple.compilers.llvm.clang.1_0.compiler
(1 failure)
-Wno-int-conversion -Wno-enum-conversion -Wno-shorten-64-to-32 -Wno-newline-eof -Wno-c++11-extensions "-DCMAKE_INTDIR=\"Debug\"" -isysroot /Applications/Xcode.app/Contents/Developer/Platforms/MacOSX.platform/Developer/SDKs/MacOSX10.8.sdk -fasm-blocks -fstrict-aliasing -Wdeprecated-declarations -Winvalid-offsetof -mmacosx-version-min=10.8 -Wno-sign-conversion -I/Users/arkygeek/QtProjects/macsur-adapter/src/MacsurAdapter/buildXcode/CMakeFiles/CMakeTmp/Debug/include -I/Applications/Xcode.app/Contents/Developer/Toolchains/XcodeDefault.xctoolchain/usr/include -I/Applications/Xcode.app/Contents/Developer/Toolchains/XcodeDefault.xctoolchain/usr/include -I/Applications/Xcode.app/Contents/Developer/Toolchains/XcodeDefault.xctoolchain/usr/include -I/Users/arkygeek/QtProjects/macsur-adapter/src/MacsurAdapter/buildXcode/CMakeFiles/CMakeTmp/CMAKE_TRY_COMPILE.build/Debug/cmTryCompileExec873522018.build/DerivedSources/x86_64 -I/Users/arkygeek/QtProjects/macsur-adapter/src/MacsurAdapter/buildXcode/CMakeFiles/CMakeTmp/CMAKE_TRY_COMPILE.build/Debug/cmTryCompileExec873522018.build/DerivedSources -Wmost -Wno-four-char-constants -Wno-unknown-pragmas -F/Users/arkygeek/QtProjects/macsur-adapter/src/MacsurAdapter/buildXcode/CMakeFiles/CMakeTmp/Debug -F/Library/Frameworks -g -MMD -MT dependencies -MF /Users/arkygeek/QtProjects/macsur-adapter/src/MacsurAdapter/buildXcode/CMakeFiles/CMakeTmp/CMAKE_TRY_COMPILE.build/Debug/cmTryCompileExec873522018.build/Objects-normal/x86_64/CheckSymbolExists.d --serialize-diagnostics /Users/arkygeek/QtProjects/macsur-adapter/src/MacsurAdapter/buildXcode/CMakeFiles/CMakeTmp/CMAKE_TRY_COMPILE.build/Debug/cmTryCompileExec873522018.build/Objects-normal/x86_64/CheckSymbolExists.dia -c /Users/arkygeek/QtProjects/macsur-adapter/src/MacsurAdapter/buildXcode/CMakeFiles/CMakeTmp/CheckSymbolExists.cxx -o /Users/arkygeek/QtProjects/macsur-adapter/src/MacsurAdapter/buildXcode/CMakeFiles/CMakeTmp/CMAKE_TRY_COMPILE.build/Debug/cmTryCompileExec873522018.build/Objects-normal/x86_64/CheckSymbolExists.o
/Users/arkygeek/QtProjects/macsur-adapter/src/MacsurAdapter/buildXcode/CMakeFiles/CMakeTmp/CheckSymbolExists.cxx:8:19: error: use of undeclared identifier 'Q_WS_QWS'
  return ((int*)(&Q_WS_QWS))[argc];
                  ^
1 error generated.



File /Users/arkygeek/QtProjects/macsur-adapter/src/MacsurAdapter/buildXcode/CMakeFiles/CMakeTmp/CheckSymbolExists.cxx:
/* */
#include <QtCore/qglobal.h>

int main(int argc, char** argv)
{
  (void)argv;
#ifndef Q_WS_QWS
  return ((int*)(&Q_WS_QWS))[argc];
#else
  (void)argc;
  return 0;
#endif
}

